<?xml version="1.0" encoding="UTF-8"?>
<!-- Generated by org.testng.reporters.JUnitXMLReporter -->
<testsuite ignored="0" hostname="Umair-Boota-3520" failures="0" tests="3" name="Surefire test" time="3.693" errors="0" timestamp="2024-06-09T01:44:47 PKT">
  <testcase classname="qa.com.testcases.DatabaseTest" name="testDatabaseOperations" time="0.013"/>
  <testcase classname="qa.com.testcases.loginTest" name="loginWithValidCredentials" time="0.181"/>
  <testcase classname="qa.com.testcases.loginTest" name="sortItemsLowToHighAndAddToCart" time="0.232"/>
</testsuite> <!-- Surefire test -->
