<?xml version="1.0" encoding="UTF-8"?>
<!-- Generated by org.testng.reporters.JUnitXMLReporter -->
<testsuite ignored="1" hostname="Umair-Boota-3520" failures="0" tests="1" name="Default test" time="108.727" errors="0" timestamp="2024-06-27T04:31:47 PKT">
  <testcase classname="qa.com.testcases.TaskSixTest" name="caseTwo" time="103.373"/>
  <testcase classname="qa.com.testcases.TaskSixTest" name="caseOne" time="0.0">
    <ignored/>
  </testcase> <!-- caseOne -->
</testsuite> <!-- Default test -->
