<?xml version="1.0" encoding="UTF-8"?>
<!-- Generated by org.testng.reporters.JUnitXMLReporter -->
<testsuite ignored="0" hostname="Umair-Boota-3520" failures="0" tests="3" name="Test" time="6.845" errors="0" timestamp="2024-06-11T13:51:14 PKT">
  <testcase classname="qa.com.testcases.loginTest" name="loginWithValidCredentials" time="0.194"/>
  <testcase classname="qa.com.testcases.loginTest" name="sortItemsLowToHighAndAddToCart" time="0.265"/>
  <testcase classname="qa.com.testcases.DatabaseTest" name="testDatabaseOperations" time="0.054"/>
</testsuite> <!-- Test -->
