<?xml version="1.0" encoding="UTF-8"?>
<!-- Generated by org.testng.reporters.JUnitXMLReporter -->
<testsuite ignored="0" hostname="Umair-Boota-3520" failures="0" tests="3" name="Test" time="7.639" errors="0" timestamp="2024-06-09T01:35:00 PKT">
  <testcase classname="qa.com.testcases.loginTest" name="loginWithValidCredentials" time="0.176"/>
  <testcase classname="qa.com.testcases.loginTest" name="sortItemsLowToHighAndAddToCart" time="0.262"/>
  <testcase classname="qa.com.testcases.DatabaseTest" name="testDatabaseOperations" time="0.075"/>
</testsuite> <!-- Test -->
