<?xml version="1.0" encoding="UTF-8"?>
<testng-results ignored="0" total="3" passed="3" failed="0" skipped="0">
  <reporter-output>
  </reporter-output>
  <suite started-at="2024-06-09T01:44:43 PKT" name="Surefire suite" finished-at="2024-06-09T01:44:47 PKT" duration-ms="3693">
    <groups>
    </groups>
    <test started-at="2024-06-09T01:44:43 PKT" name="Surefire test" finished-at="2024-06-09T01:44:47 PKT" duration-ms="3693">
      <class name="qa.com.testcases.loginTest">
        <test-method is-config="true" signature="setUp()[pri:0, instance:qa.com.testcases.loginTest@ec756bd]" started-at="2024-06-09T01:44:43 PKT" name="setUp" finished-at="2024-06-09T01:44:46 PKT" duration-ms="3042" status="PASS">
          <reporter-output>
          </reporter-output>
        </test-method> <!-- setUp -->
        <test-method signature="loginWithValidCredentials()[pri:1, instance:qa.com.testcases.loginTest@ec756bd]" started-at="2024-06-09T01:44:46 PKT" name="loginWithValidCredentials" finished-at="2024-06-09T01:44:47 PKT" duration-ms="181" status="PASS">
          <reporter-output>
          </reporter-output>
        </test-method> <!-- loginWithValidCredentials -->
        <test-method signature="sortItemsLowToHighAndAddToCart()[pri:2, instance:qa.com.testcases.loginTest@ec756bd]" started-at="2024-06-09T01:44:47 PKT" name="sortItemsLowToHighAndAddToCart" finished-at="2024-06-09T01:44:47 PKT" depends-on-methods="qa.com.testcases.loginTest.loginWithValidCredentials" duration-ms="232" status="PASS">
          <reporter-output>
          </reporter-output>
        </test-method> <!-- sortItemsLowToHighAndAddToCart -->
        <test-method is-config="true" signature="tearDown()[pri:0, instance:qa.com.testcases.loginTest@ec756bd]" started-at="2024-06-09T01:44:47 PKT" name="tearDown" finished-at="2024-06-09T01:44:47 PKT" duration-ms="203" status="PASS">
          <reporter-output>
          </reporter-output>
        </test-method> <!-- tearDown -->
      </class> <!-- qa.com.testcases.loginTest -->
      <class name="qa.com.testcases.DatabaseTest">
        <test-method is-config="true" signature="setUpDatabaseConnection()[pri:0, instance:qa.com.testcases.DatabaseTest@2805c96b]" started-at="2024-06-09T01:44:43 PKT" name="setUpDatabaseConnection" finished-at="2024-06-09T01:44:43 PKT" duration-ms="258" status="PASS">
          <reporter-output>
          </reporter-output>
        </test-method> <!-- setUpDatabaseConnection -->
        <test-method signature="testDatabaseOperations()[pri:0, instance:qa.com.testcases.DatabaseTest@2805c96b]" started-at="2024-06-09T01:44:43 PKT" name="testDatabaseOperations" finished-at="2024-06-09T01:44:43 PKT" duration-ms="13" status="PASS">
          <reporter-output>
          </reporter-output>
        </test-method> <!-- testDatabaseOperations -->
        <test-method is-config="true" signature="closeDatabaseConnection()[pri:0, instance:qa.com.testcases.DatabaseTest@2805c96b]" started-at="2024-06-09T01:44:47 PKT" name="closeDatabaseConnection" finished-at="2024-06-09T01:44:47 PKT" duration-ms="1" status="PASS">
          <reporter-output>
          </reporter-output>
        </test-method> <!-- closeDatabaseConnection -->
      </class> <!-- qa.com.testcases.DatabaseTest -->
    </test> <!-- Surefire test -->
  </suite> <!-- Surefire suite -->
</testng-results>
